Exporter version: 2.93.5, Blender version: 3.0.0
========= Conversion from Blender to Babylon.js =========
	Scene settings used :
		Inline textures     :  false
		Material Type       :  PBR
		Positions Precision :  4
		Normals Precision   :  3
		UVs Precision       :  2
		Vert Color Precision:  3
		Mat Weight Precision:  2
		Keep Z-up r-handed  :  no
		Texture directory   :  C:\Users\Caroline Jacomini\Documents\KOSMOS\CENA_OBS\to_babylon\
	Python World class constructor completed
	processing begun of mesh:  art_panel_4
		processing begun of material:  m_panel
			processing texture t_square1x1
				texture type:  diffuseTexture, mapped using: "UVMap"
			processing texture t_square1x1
				texture type:  emissiveTexture, mapped using: "UVMap"
		num positions      :  4
		num normals        :  4
		num tangents       :  0
		num uvs            :  8
		num uvs2           :  0
		num colors         :  0
		num triangles      :  2
	processing begun of mesh:  art_panel_9
		processing begun of material:  m_panel
		registered as also a user of material:  m_panel
		num positions      :  4
		num normals        :  4
		num tangents       :  0
		num uvs            :  8
		num uvs2           :  0
		num colors         :  0
		num triangles      :  2
	processing begun of mesh:  art_panel_5
		processing begun of material:  m_panelcenter
			processing texture t_16x9
				texture type:  diffuseTexture, mapped using: "01"
			processing texture t_16x9
				texture type:  emissiveTexture, mapped using: "01"
		num positions      :  4
		num normals        :  4
		num tangents       :  0
		num uvs            :  8
		num uvs2           :  0
		num colors         :  0
		num triangles      :  2
	processing begun of mesh:  art_panel_2
		processing begun of material:  m_panel
		registered as also a user of material:  m_panel
		num positions      :  4
		num normals        :  4
		num tangents       :  0
		num uvs            :  8
		num uvs2           :  0
		num colors         :  0
		num triangles      :  2
	processing begun of mesh:  art_panel_1
		processing begun of material:  m_panel
		registered as also a user of material:  m_panel
		num positions      :  4
		num normals        :  4
		num tangents       :  0
		num uvs            :  8
		num uvs2           :  0
		num colors         :  0
		num triangles      :  2
	processing begun of mesh:  art_panel_3
		processing begun of material:  m_panel
		registered as also a user of material:  m_panel
		num positions      :  4
		num normals        :  4
		num tangents       :  0
		num uvs            :  8
		num uvs2           :  0
		num colors         :  0
		num triangles      :  2
	processing begun of mesh:  art_panel_6
		processing begun of material:  m_panel
		registered as also a user of material:  m_panel
		num positions      :  4
		num normals        :  4
		num tangents       :  0
		num uvs            :  8
		num uvs2           :  0
		num colors         :  0
		num triangles      :  2
	processing begun of mesh:  art_panel_7
		processing begun of material:  m_panel
		registered as also a user of material:  m_panel
		num positions      :  4
		num normals        :  4
		num tangents       :  0
		num uvs            :  8
		num uvs2           :  0
		num colors         :  0
		num triangles      :  2
	processing begun of mesh:  art_panel_8
		processing begun of material:  m_panel
		registered as also a user of material:  m_panel
		num positions      :  4
		num normals        :  4
		num tangents       :  0
		num uvs            :  8
		num uvs2           :  0
		num colors         :  0
		num triangles      :  2
	processing begun of mesh:  obj_shader_room
		processing begun of material:  m_delete
			processing texture setas_alpha2
				texture type:  diffuseTexture, mapped using: "UVMap"
		num positions      :  8
		num normals        :  8
		num tangents       :  0
		num uvs            :  16
		num uvs2           :  0
		num colors         :  0
		num triangles      :  4
	processing begun of mesh:  col_tel_start
		processing begun of material:  m_teleport
		num positions      :  3
		num normals        :  3
		num tangents       :  0
		num uvs            :  6
		num uvs2           :  0
		num colors         :  0
		num triangles      :  1
	processing begun of mesh:  col_trg_auditorium
		processing begun of material:  m_collisionbutton
		num positions      :  4
		num normals        :  4
		num tangents       :  0
		num uvs            :  8
		num uvs2           :  0
		num colors         :  0
		num triangles      :  2
	processing begun of mesh:  col_floor
		processing begun of material:  m_collisionfloor
		num positions      :  4
		num normals        :  4
		num tangents       :  0
		num uvs            :  8
		num uvs2           :  0
		num colors         :  0
		num triangles      :  2
	processing begun of mesh:  col_wall
		processing begun of material:  m_collisionwall
		num positions      :  84
		num normals        :  84
		num tangents       :  0
		num uvs            :  168
		num uvs2           :  0
		num colors         :  0
		num triangles      :  32
	processing begun of mesh:  arw_1
		animation processing begun
			processing action anm_rotate:  in[0 - 248], out[0 - 248]
		processing begun of material:  m_arrow
			processing texture t_arrow_pink
				texture type:  diffuseTexture, mapped using: "UVMap"
			processing texture t_arrow_pink
				texture type:  emissiveTexture, mapped using: "UVMap"
		num positions      :  4
		num normals        :  4
		num tangents       :  0
		num uvs            :  8
		num uvs2           :  0
		num colors         :  0
		num triangles      :  2
	processing begun of mesh:  obj_puff_3
		processing begun of material:  m_puff_o
			processing texture t_puff_n
				texture type:  bumpTexture, mapped using: "UVMap"
			processing texture t_puff_orange
				texture type:  diffuseTexture, mapped using: "UVMap"
		num positions      :  78
		num normals        :  78
		num tangents       :  0
		num uvs            :  156
		num uvs2           :  0
		num colors         :  0
		num triangles      :  44
	processing begun of mesh:  obj_puff_1
		processing begun of material:  m_puff
			processing texture t_puff_n
				texture type:  bumpTexture, mapped using: "UVMap"
			processing texture t_puff_purple
				texture type:  diffuseTexture, mapped using: "UVMap"
		num positions      :  78
		num normals        :  78
		num tangents       :  0
		num uvs            :  156
		num uvs2           :  0
		num colors         :  0
		num triangles      :  44
	processing begun of mesh:  obj_puff_2
		mesh is an instance of :  obj_puff_1.  Processing halted.
	processing begun of mesh:  obj_beanbag_1
		processing begun of material:  m_beanbag
			processing texture t_puff_n
				texture type:  bumpTexture, mapped using: "UVMap"
		num positions      :  538
		num normals        :  538
		num tangents       :  0
		num uvs            :  1076
		num uvs2           :  0
		num colors         :  0
		num triangles      :  458
	processing begun of mesh:  obj_rug_lounge_1
		processing begun of material:  m_ruglounge
			processing texture t_rug_lounge_n
				texture type:  bumpTexture, mapped using: "UVMap"
			processing texture t_rug_lounge_b
				texture type:  diffuseTexture, mapped using: "UVMap"
		num positions      :  45
		num normals        :  45
		num tangents       :  0
		num uvs            :  90
		num uvs2           :  0
		num colors         :  0
		num triangles      :  43
	processing begun of mesh:  obj_door
		processing begun of material:  m_metaldirty
		processing begun of material:  m_glass
			processing texture t_dirtymetal
				texture type:  diffuseTexture, mapped using: "UVMap"
		processing begun of multimaterial:  obs_aud.Multimaterial#0
		num positions      :  459
		num normals        :  459
		num tangents       :  0
		num uvs            :  918
		num uvs2           :  0
		num colors         :  0
		num triangles      :  240
	processing begun of mesh:  obj_beanbag_2
		mesh is an instance of :  obj_beanbag_1.  Processing halted.
	processing begun of mesh:  obj_poly
		processing begun of material:  m_poly
			processing texture t_polycarbonate_n
				texture type:  bumpTexture, mapped using: "uv"
			processing texture t_polycarbonate
				texture type:  diffuseTexture, mapped using: "uv"
		num positions      :  1370
		num normals        :  1370
		num tangents       :  0
		num uvs            :  2740
		num uvs2           :  0
		num colors         :  0
		num triangles      :  780
	processing begun of mesh:  obj_carpet
		processing begun of material:  m_carpet
			processing texture t_carpet_blue
				texture type:  diffuseTexture, mapped using: "UVMap.001"
		num positions      :  4
		num normals        :  4
		num tangents       :  0
		num uvs            :  8
		num uvs2           :  0
		num colors         :  0
		num triangles      :  2
	processing begun of mesh:  obj_lighting_1
		processing begun of material:  m_metal
		processing begun of material:  m_lightled
			processing texture t_dirtymetal
				texture type:  diffuseTexture, mapped using: "UVMap"
		processing begun of multimaterial:  obs_aud.Multimaterial#1
		num positions      :  991
		num normals        :  991
		num tangents       :  0
		num uvs            :  1982
		num uvs2           :  0
		num colors         :  0
		num triangles      :  432
	processing begun of mesh:  obj_lighting_2
		mesh is an instance of :  obj_lighting_1.  Processing halted.
	processing begun of mesh:  obj_lightelement
		processing begun of material:  m_metal
		processing begun of material:  m_lightled
		registered as also a user of material:  m_metal
		registered as also a user of material:  m_lightled
		processing begun of multimaterial:  obs_aud.Multimaterial#2
		num positions      :  1560
		num normals        :  1560
		num tangents       :  0
		num uvs            :  3120
		num uvs2           :  0
		num colors         :  0
		num triangles      :  736
	processing begun of mesh:  obj_letter
		processing begun of material:  m_white
		processing begun of material:  m_colors
			processing texture t_box_baked
				texture type:  diffuseTexture, mapped using: "UVMap"
		processing begun of multimaterial:  obs_aud.Multimaterial#3
		num positions      :  260
		num normals        :  260
		num tangents       :  0
		num uvs            :  520
		num uvs2           :  0
		num colors         :  0
		num triangles      :  223
	processing begun of mesh:  obj_lousa
		processing begun of material:  m_lousa
			processing texture t_lousa
				texture type:  diffuseTexture, mapped using: "UVMap"
		num positions      :  64
		num normals        :  64
		num tangents       :  0
		num uvs            :  128
		num uvs2           :  0
		num colors         :  0
		num triangles      :  26
	processing begun of mesh:  obj_sound_1
		processing begun of material:  m_plastico
		num positions      :  66
		num normals        :  66
		num tangents       :  0
		num uvs            :  132
		num uvs2           :  0
		num colors         :  0
		num triangles      :  28
	processing begun of mesh:  obj_sound_2
		mesh is an instance of :  obj_sound_1.  Processing halted.
	processing begun of mesh:  obj_light_1
		processing begun of material:  m_rubber
			processing texture t_dirtymetal
				texture type:  value not meaningful 2, mapped using: "UVMap"
		num positions      :  763
		num normals        :  763
		num tangents       :  0
		num uvs            :  1526
		num uvs2           :  0
		num colors         :  0
		num triangles      :  418
	processing begun of mesh:  obj_light_2
		mesh is an instance of :  obj_light_1.  Processing halted.
	processing begun of mesh:  obj_structure
		processing begun of material:  m_metal
		registered as also a user of material:  m_metal
		num positions      :  482
		num normals        :  482
		num tangents       :  0
		num uvs            :  964
		num uvs2           :  0
		num colors         :  0
		num triangles      :  176
	processing begun of mesh:  obj_screen
		processing begun of material:  m_white
		registered as also a user of material:  m_white
		num positions      :  4
		num normals        :  4
		num tangents       :  0
		num uvs            :  8
		num uvs2           :  0
		num colors         :  0
		num triangles      :  2
	processing begun of mesh:  obj_roll
		processing begun of material:  m_metal
		registered as also a user of material:  m_metal
		num positions      :  395
		num normals        :  395
		num tangents       :  0
		num uvs            :  790
		num uvs2           :  0
		num colors         :  0
		num triangles      :  182
	processing begun of mesh:  obj_projector
		processing begun of material:  zm_chrome
		processing begun of material:  m_branco
		processing begun of material:  zm_metal
		processing begun of multimaterial:  obs_aud.Multimaterial#4
		num positions      :  1248
		num normals        :  1248
		num tangents       :  0
		num uvs            :  2496
		num uvs2           :  0
		num colors         :  0
		num triangles      :  485
	processing begun of mesh:  obj_chair_1
		processing begun of material:  m_rubber
		processing begun of material:  m_leather_brown
		registered as also a user of material:  m_rubber
			processing texture t_fabricleather_n
				texture type:  bumpTexture, mapped using: "UVMap"
			processing texture t_fabricleather
				texture type:  diffuseTexture, mapped using: "UVMap"
			processing texture t_fabricleather_r
				texture type:  value not meaningful 2, mapped using: "UVMap"
		processing begun of multimaterial:  obs_aud.Multimaterial#5
		num positions      :  688
		num normals        :  688
		num tangents       :  0
		num uvs            :  1376
		num uvs2           :  0
		num colors         :  0
		num triangles      :  1012
	processing begun of mesh:  obj_chair_2
		mesh is an instance of :  obj_chair_1.  Processing halted.
	processing begun of mesh:  obj_chair_3
		mesh is an instance of :  obj_chair_1.  Processing halted.
	processing begun of mesh:  obj_chair_4
		mesh is an instance of :  obj_chair_1.  Processing halted.
	processing begun of mesh:  obj_chair_5
		mesh is an instance of :  obj_chair_1.  Processing halted.
	processing begun of mesh:  obj_chair_6
		mesh is an instance of :  obj_chair_1.  Processing halted.
	processing begun of mesh:  obj_chair_7
		mesh is an instance of :  obj_chair_1.  Processing halted.
	processing begun of mesh:  obj_chair_8
		mesh is an instance of :  obj_chair_1.  Processing halted.
	processing begun of mesh:  obj_chair_9
		mesh is an instance of :  obj_chair_1.  Processing halted.
	processing begun of mesh:  obj_chair_10
		mesh is an instance of :  obj_chair_1.  Processing halted.
	processing begun of mesh:  obj_chair_11
		mesh is an instance of :  obj_chair_1.  Processing halted.
	processing begun of mesh:  obj_chair_12
		mesh is an instance of :  obj_chair_1.  Processing halted.
	processing begun of mesh:  obj_chair_13
		mesh is an instance of :  obj_chair_1.  Processing halted.
	processing begun of mesh:  obj_chair_14
		mesh is an instance of :  obj_chair_1.  Processing halted.
	processing begun of mesh:  obj_chair_15
		mesh is an instance of :  obj_chair_1.  Processing halted.
	processing begun of mesh:  obj_chair_16
		mesh is an instance of :  obj_chair_1.  Processing halted.
	processing begun of mesh:  obj_chair_17
		mesh is an instance of :  obj_chair_1.  Processing halted.
	processing begun of mesh:  obj_chair_18
		mesh is an instance of :  obj_chair_1.  Processing halted.
	processing begun of mesh:  obj_chair_19
		mesh is an instance of :  obj_chair_1.  Processing halted.
	processing begun of mesh:  obj_chair_20
		mesh is an instance of :  obj_chair_1.  Processing halted.
	processing begun of mesh:  obj_chair_21
		mesh is an instance of :  obj_chair_1.  Processing halted.
	processing begun of mesh:  obj_chair_22
		mesh is an instance of :  obj_chair_1.  Processing halted.
	processing begun of mesh:  obj_chair_23
		mesh is an instance of :  obj_chair_1.  Processing halted.
	processing begun of mesh:  obj_chair_24
		mesh is an instance of :  obj_chair_1.  Processing halted.
	processing begun of mesh:  obj_chair_25
		mesh is an instance of :  obj_chair_1.  Processing halted.
	processing begun of mesh:  obj_chair_26
		mesh is an instance of :  obj_chair_1.  Processing halted.
	processing begun of mesh:  obj_chair_27
		mesh is an instance of :  obj_chair_1.  Processing halted.
	processing begun of mesh:  obj_chair_28
		mesh is an instance of :  obj_chair_1.  Processing halted.
	processing begun of mesh:  obj_chair_29
		mesh is an instance of :  obj_chair_1.  Processing halted.
	processing begun of mesh:  obj_chair_30
		mesh is an instance of :  obj_chair_1.  Processing halted.
	processing begun of mesh:  obj_chair_31
		mesh is an instance of :  obj_chair_1.  Processing halted.
	processing begun of mesh:  obj_chair_32
		mesh is an instance of :  obj_chair_1.  Processing halted.
	processing begun of mesh:  obj_chair_33
		mesh is an instance of :  obj_chair_1.  Processing halted.
	processing begun of mesh:  obj_chair_34
		mesh is an instance of :  obj_chair_1.  Processing halted.
	processing begun of mesh:  obj_chair_35
		mesh is an instance of :  obj_chair_1.  Processing halted.
	processing begun of mesh:  obj_chair_36
		mesh is an instance of :  obj_chair_1.  Processing halted.
	processing begun of mesh:  obj_chair_37
		mesh is an instance of :  obj_chair_1.  Processing halted.
	processing begun of mesh:  obj_chair_38
		mesh is an instance of :  obj_chair_1.  Processing halted.
	processing begun of mesh:  obj_chair_39
		mesh is an instance of :  obj_chair_1.  Processing halted.
	processing begun of mesh:  obj_chair_40
		mesh is an instance of :  obj_chair_1.  Processing halted.
	processing begun of mesh:  obj_chair_41
		mesh is an instance of :  obj_chair_1.  Processing halted.
	processing begun of mesh:  obj_chair_42
		mesh is an instance of :  obj_chair_1.  Processing halted.
	processing begun of mesh:  obj_chair_43
		mesh is an instance of :  obj_chair_1.  Processing halted.
	processing begun of mesh:  obj_chair_44
		mesh is an instance of :  obj_chair_1.  Processing halted.
	processing begun of mesh:  obj_chair_45
		mesh is an instance of :  obj_chair_1.  Processing halted.
	processing begun of mesh:  obj_chair_46
		mesh is an instance of :  obj_chair_1.  Processing halted.
	processing begun of mesh:  obj_chair_47
		mesh is an instance of :  obj_chair_1.  Processing halted.
	processing begun of mesh:  obj_chair_48
		mesh is an instance of :  obj_chair_1.  Processing halted.
	processing begun of mesh:  obj_chair_49
		mesh is an instance of :  obj_chair_1.  Processing halted.
	processing begun of mesh:  obj_chair_50
		mesh is an instance of :  obj_chair_1.  Processing halted.
	processing begun of mesh:  obj_chair_51
		mesh is an instance of :  obj_chair_1.  Processing halted.
	processing begun of mesh:  obj_chair_52
		mesh is an instance of :  obj_chair_1.  Processing halted.
	processing begun of mesh:  obj_chair_53
		mesh is an instance of :  obj_chair_1.  Processing halted.
	processing begun of mesh:  obj_chair_54
		mesh is an instance of :  obj_chair_1.  Processing halted.
	processing begun of mesh:  obj_chair_55
		mesh is an instance of :  obj_chair_1.  Processing halted.
	processing begun of mesh:  obj_chair_56
		mesh is an instance of :  obj_chair_1.  Processing halted.
	processing begun of mesh:  obj_chair_57
		mesh is an instance of :  obj_chair_1.  Processing halted.
	processing begun of mesh:  obj_chair_58
		mesh is an instance of :  obj_chair_1.  Processing halted.
	processing begun of mesh:  obj_chair_59
		mesh is an instance of :  obj_chair_1.  Processing halted.
	processing begun of mesh:  obj_chair_60
		mesh is an instance of :  obj_chair_1.  Processing halted.
	processing begun of mesh:  obj_chair_61
		mesh is an instance of :  obj_chair_1.  Processing halted.
	processing begun of mesh:  obj_chair_62
		mesh is an instance of :  obj_chair_1.  Processing halted.
	processing begun of mesh:  obj_chair_63
		mesh is an instance of :  obj_chair_1.  Processing halted.
	processing begun of mesh:  obj_chair_64
		mesh is an instance of :  obj_chair_1.  Processing halted.
	processing begun of mesh:  obj_chair_65
		mesh is an instance of :  obj_chair_1.  Processing halted.
	processing begun of mesh:  obj_chair_66
		mesh is an instance of :  obj_chair_1.  Processing halted.
	processing begun of mesh:  obj_chair_67
		mesh is an instance of :  obj_chair_1.  Processing halted.
	processing begun of mesh:  obj_chair_68
		mesh is an instance of :  obj_chair_1.  Processing halted.
	processing begun of mesh:  obj_chair_69
		mesh is an instance of :  obj_chair_1.  Processing halted.
	processing begun of mesh:  obj_chair_70
		mesh is an instance of :  obj_chair_1.  Processing halted.
	processing begun of mesh:  obj_chair_71
		mesh is an instance of :  obj_chair_1.  Processing halted.
	processing begun of mesh:  obj_chair_72
		mesh is an instance of :  obj_chair_1.  Processing halted.
	processing begun of mesh:  obj_chair_73
		mesh is an instance of :  obj_chair_1.  Processing halted.
	processing begun of mesh:  obj_chair_74
		mesh is an instance of :  obj_chair_1.  Processing halted.
	processing begun of mesh:  obj_chair_75
		mesh is an instance of :  obj_chair_1.  Processing halted.
	processing begun of mesh:  obj_chair_76
		mesh is an instance of :  obj_chair_1.  Processing halted.
	processing begun of mesh:  obj_chair_77
		mesh is an instance of :  obj_chair_1.  Processing halted.
	processing begun of mesh:  obj_chair_78
		mesh is an instance of :  obj_chair_1.  Processing halted.
	processing begun of mesh:  obj_chair_79
		mesh is an instance of :  obj_chair_1.  Processing halted.
	processing begun of mesh:  obj_chair_80
		mesh is an instance of :  obj_chair_1.  Processing halted.
	processing begun of mesh:  obj_chair_81
		mesh is an instance of :  obj_chair_1.  Processing halted.
	processing begun of mesh:  obj_chair_82
		mesh is an instance of :  obj_chair_1.  Processing halted.
	processing begun of mesh:  obj_chair_83
		mesh is an instance of :  obj_chair_1.  Processing halted.
	processing begun of mesh:  obj_chair_84
		mesh is an instance of :  obj_chair_1.  Processing halted.
	processing begun of mesh:  obj_chair_85
		mesh is an instance of :  obj_chair_1.  Processing halted.
	processing begun of mesh:  obj_chair_86
		mesh is an instance of :  obj_chair_1.  Processing halted.
	processing begun of mesh:  obj_chair_87
		mesh is an instance of :  obj_chair_1.  Processing halted.
	processing begun of mesh:  obj_chair_88
		mesh is an instance of :  obj_chair_1.  Processing halted.
	processing begun of mesh:  obj_chair_89
		mesh is an instance of :  obj_chair_1.  Processing halted.
	processing begun of mesh:  obj_chair_90
		mesh is an instance of :  obj_chair_1.  Processing halted.
	processing begun of mesh:  obj_chair_91
		mesh is an instance of :  obj_chair_1.  Processing halted.
	processing begun of mesh:  obj_chair_92
		mesh is an instance of :  obj_chair_1.  Processing halted.
	processing begun of mesh:  obj_chair_93
		mesh is an instance of :  obj_chair_1.  Processing halted.
	processing begun of mesh:  obj_chair_94
		mesh is an instance of :  obj_chair_1.  Processing halted.
	processing begun of mesh:  obj_chair_95
		mesh is an instance of :  obj_chair_1.  Processing halted.
	processing begun of mesh:  obj_chair_96
		mesh is an instance of :  obj_chair_1.  Processing halted.
	processing begun of mesh:  obj_chair_97
		mesh is an instance of :  obj_chair_1.  Processing halted.
	processing begun of mesh:  obj_chair_98
		mesh is an instance of :  obj_chair_1.  Processing halted.
	processing begun of mesh:  obj_chair_99
		mesh is an instance of :  obj_chair_1.  Processing halted.
	processing begun of mesh:  obj_chair_100
		mesh is an instance of :  obj_chair_1.  Processing halted.
	processing begun of mesh:  obj_chair_101
		mesh is an instance of :  obj_chair_1.  Processing halted.
	processing begun of mesh:  obj_chair_102
		mesh is an instance of :  obj_chair_1.  Processing halted.
	processing begun of mesh:  obj_chair_103
		mesh is an instance of :  obj_chair_1.  Processing halted.
	processing begun of mesh:  obj_chair_104
		mesh is an instance of :  obj_chair_1.  Processing halted.
	processing begun of mesh:  obj_chair_105
		mesh is an instance of :  obj_chair_1.  Processing halted.
	processing begun of mesh:  obj_chair_106
		mesh is an instance of :  obj_chair_1.  Processing halted.
	processing begun of mesh:  obj_chair_107
		mesh is an instance of :  obj_chair_1.  Processing halted.
	processing begun of mesh:  obj_chair_108
		mesh is an instance of :  obj_chair_1.  Processing halted.
	processing begun of mesh:  obj_chair_109
		mesh is an instance of :  obj_chair_1.  Processing halted.
	processing begun of mesh:  obj_chair_110
		mesh is an instance of :  obj_chair_1.  Processing halted.
	processing begun of mesh:  obj_chair_111
		mesh is an instance of :  obj_chair_1.  Processing halted.
	processing begun of mesh:  obj_chair_112
		mesh is an instance of :  obj_chair_1.  Processing halted.
	processing begun of mesh:  obj_chair_113
		mesh is an instance of :  obj_chair_1.  Processing halted.
	processing begun of mesh:  obj_chair_114
		mesh is an instance of :  obj_chair_1.  Processing halted.
	processing begun of mesh:  obj_chair_115
		mesh is an instance of :  obj_chair_1.  Processing halted.
	processing begun of mesh:  obj_chair_116
		mesh is an instance of :  obj_chair_1.  Processing halted.
	processing begun of mesh:  obj_chair_117
		mesh is an instance of :  obj_chair_1.  Processing halted.
	processing begun of mesh:  obj_chair_118
		mesh is an instance of :  obj_chair_1.  Processing halted.
	processing begun of mesh:  obj_chair_119
		mesh is an instance of :  obj_chair_1.  Processing halted.
	processing begun of mesh:  obj_chair_120
		mesh is an instance of :  obj_chair_1.  Processing halted.
	processing begun of mesh:  obj_chair_121
		mesh is an instance of :  obj_chair_1.  Processing halted.
	processing begun of mesh:  obj_chair_122
		mesh is an instance of :  obj_chair_1.  Processing halted.
	processing begun of mesh:  obj_chair_123
		mesh is an instance of :  obj_chair_1.  Processing halted.
	processing begun of mesh:  obj_chair_124
		mesh is an instance of :  obj_chair_1.  Processing halted.
	processing begun of mesh:  obj_chair_125
		mesh is an instance of :  obj_chair_1.  Processing halted.
	processing begun of mesh:  obj_chair_126
		mesh is an instance of :  obj_chair_1.  Processing halted.
	processing begun of mesh:  obj_extraroom
		processing begun of material:  m_woodnail
			processing texture t_woodfloor_n
				texture type:  bumpTexture, mapped using: "uv"
			processing texture t_woodfloor
				texture type:  diffuseTexture, mapped using: "uv"
			processing texture t_woodfloor_r
				texture type:  value not meaningful 2, mapped using: "uv"
		num positions      :  150
		num normals        :  150
		num tangents       :  0
		num uvs            :  300
		num uvs2           :  0
		num colors         :  0
		num triangles      :  72
	processing begun of mesh:  obj_ground
		processing begun of material:  m_street
		processing begun of material:  m_sidewalk
		processing begun of material:  m_sidewhite
			processing texture t_street
				texture type:  diffuseTexture, mapped using: "UVMap"
			processing texture t_wornpavement_n
				texture type:  bumpTexture, mapped using: "UVMap"
			processing texture t_wornpavement
				texture type:  diffuseTexture, mapped using: "UVMap"
			processing texture t_wornpavement_r
				texture type:  value not meaningful 2, mapped using: "UVMap"
			processing texture t_street_stuff
				texture type:  diffuseTexture, mapped using: "UVMap"
			processing texture t_street_stuff
				texture type:  value not meaningful 2, mapped using: "UVMap"
		processing begun of multimaterial:  obs_aud.Multimaterial#6
		num positions      :  32
		num normals        :  32
		num tangents       :  0
		num uvs            :  64
		num uvs2           :  0
		num colors         :  0
		num triangles      :  14
	processing begun of mesh:  obj_crosswalk
		processing begun of material:  m_street_stuff
			processing texture t_street_stuff
				texture type:  diffuseTexture, mapped using: "UVMap"
		num positions      :  4
		num normals        :  4
		num tangents       :  0
		num uvs            :  8
		num uvs2           :  0
		num colors         :  0
		num triangles      :  2
	processing begun of mesh:  obj_hdri_ocean
		processing begun of material:  m_px
		processing begun of material:  m_nz
		processing begun of material:  m_nx
			processing texture px
				texture type:  diffuseTexture, mapped using: "UVMap"
			processing texture px
				texture type:  emissiveTexture, mapped using: "UVMap"
			processing texture nz
				texture type:  diffuseTexture, mapped using: "UVMap"
			processing texture nz
				texture type:  emissiveTexture, mapped using: "UVMap"
			processing texture nz
				texture type:  diffuseTexture, mapped using: "UVMap"
			processing texture nz
				texture type:  emissiveTexture, mapped using: "UVMap"
		processing begun of multimaterial:  obs_aud.Multimaterial#7
		num positions      :  9
		num normals        :  9
		num tangents       :  0
		num uvs            :  18
		num uvs2           :  0
		num colors         :  0
		num triangles      :  4
	processing begun of mesh:  obj_logo
		processing begun of material:  m_brasil
			processing texture t_logo_obs
				texture type:  diffuseTexture, mapped using: "UVMap"
		num positions      :  4
		num normals        :  4
		num tangents       :  0
		num uvs            :  8
		num uvs2           :  0
		num colors         :  0
		num triangles      :  2
	processing begun of mesh:  obj_floor
		processing begun of material:  m_woodnail
		registered as also a user of material:  m_woodnail
		num positions      :  48
		num normals        :  48
		num tangents       :  0
		num uvs            :  96
		num uvs2           :  96
		num colors         :  0
		num triangles      :  28
	processing begun of mesh:  obj_wallwood
		processing begun of material:  m_woodnail
		registered as also a user of material:  m_woodnail
		num positions      :  115
		num normals        :  115
		num tangents       :  0
		num uvs            :  230
		num uvs2           :  0
		num colors         :  0
		num triangles      :  54
	processing begun of mesh:  obj_ground_grass
		processing begun of material:  m_grass_b
			processing texture t_grass_n
				texture type:  bumpTexture, mapped using: "uv"
			processing texture t_grass_d
				texture type:  diffuseTexture, mapped using: "uv"
		num positions      :  10
		num normals        :  10
		num tangents       :  0
		num uvs            :  20
		num uvs2           :  0
		num colors         :  0
		num triangles      :  6
	processing begun of mesh:  obj_roof
		processing begun of material:  Material
			processing texture t_mixshadowroof
				texture type:  diffuseTexture, mapped using: "uv2"
		num positions      :  8
		num normals        :  8
		num tangents       :  0
		num uvs            :  16
		num uvs2           :  0
		num colors         :  0
		num triangles      :  4
========= Writing of JSON file started =========
	writing mesh:  art_panel_4
	writing mesh:  art_panel_9
	writing mesh:  art_panel_5
	writing mesh:  art_panel_2
	writing mesh:  art_panel_1
	writing mesh:  art_panel_3
	writing mesh:  art_panel_6
	writing mesh:  art_panel_7
	writing mesh:  art_panel_8
	writing mesh:  obj_shader_room
	writing mesh:  col_tel_start
	writing mesh:  col_trg_auditorium
	writing mesh:  col_floor
	writing mesh:  col_wall
	writing mesh:  arw_1
	writing mesh:  obj_puff_3
	writing mesh:  obj_puff_1
	writing mesh:  obj_beanbag_1
	writing mesh:  obj_rug_lounge_1
	writing mesh:  obj_door
	writing mesh:  obj_poly
	writing mesh:  obj_carpet
	writing mesh:  obj_lighting_1
	writing mesh:  obj_lightelement
	writing mesh:  obj_letter
	writing mesh:  obj_lousa
	writing mesh:  obj_sound_1
	writing mesh:  obj_light_1
	writing mesh:  obj_structure
	writing mesh:  obj_screen
	writing mesh:  obj_roll
	writing mesh:  obj_projector
	writing mesh:  obj_chair_1
	writing mesh:  obj_extraroom
	writing mesh:  obj_ground
	writing mesh:  obj_crosswalk
	writing mesh:  obj_hdri_ocean
	writing mesh:  obj_logo
	writing mesh:  obj_floor
	writing mesh:  obj_wallwood
	writing mesh:  obj_ground_grass
	writing mesh:  obj_roof
========= Writing of JSON file completed =========
========= end of processing =========
elapsed time:  0 min, 0.3914 secs
