Exporter version: 6.4.4, Blender version: 2.83.2
========= Conversion from Blender to Babylon.js =========
	Scene settings used :
		Inline textures     :  false
		Material Type       :  PBR
		Positions Precision :  4
		Normals Precision   :  3
		UVs Precision       :  3
		Vert Color Precision:  3
		Mat Weight Precision:  2
		Keep Z-up r-handed  :  no
		Texture directory   :  C:\Users\Carol\Documents\CENA.PORTOSEGURO\psprincipal\pscorrecao\
	Python World class constructor completed
	processing begun of mesh:  bannerauditorio2x1c
		processing begun of material:  bannerindicativo2
			processing texture mapaindicacaolugares2x1
				texture type:  diffuseTexture, mapped using: "UVMap"
		num positions      :  4
		num normals        :  4
		num tangents       :  0
		num uvs            :  8
		num uvs2           :  0
		num colors         :  0
		num triangles      :  2
	processing begun of mesh:  foyeresq
		processing begun of material:  metal2
		processing begun of material:  vidro
		processing begun of multimaterial:  pscorrecao.Multimaterial#0
		num positions      :  193
		num normals        :  193
		num tangents       :  0
		num uvs            :  386
		num uvs2           :  0
		num colors         :  0
		num triangles      :  96
	processing begun of mesh:  foyerfoto
		processing begun of material:  foyer
			processing texture foyerfoto
				texture type:  diffuseTexture, mapped using: "UVMap"
		num positions      :  24
		num normals        :  24
		num tangents       :  0
		num uvs            :  48
		num uvs2           :  0
		num colors         :  0
		num triangles      :  12
========= Writing of JSON file started =========
	writing mesh:  bannerauditorio2x1c
	writing mesh:  foyeresq
	writing mesh:  foyerfoto
========= Writing of JSON file completed =========
========= end of processing =========
elapsed time:  0 min, 0.3292 secs
